info: Aug-24-2021 12:26:30: 	Starting server in port 5000
info: Aug-27-2021 09:08:50: 	Starting server in port 5000
info: Aug-27-2021 09:14:20: 	Starting server in port 5000
info: Aug-27-2021 09:15:03: 	Starting server in port 5000
info: Aug-27-2021 09:15:09: 	Starting server in port 5000
info: Aug-27-2021 09:17:50: 	Started to update amo contacts
info: Aug-27-2021 09:18:58: 	Time to update amo contacts in miliseconds: 68213
info: Aug-27-2021 09:20:04: 	Started to update doli contacts
info: Aug-27-2021 09:20:09: 	rss: 72.5m, heapTotal: 40.4m
info: Aug-27-2021 09:21:01: 	Finished to update doli contacts in ms: 57117
info: Aug-27-2021 09:22:06: 	newUsers: showing new users
info: Aug-27-2021 09:22:06: 	Time to find new users to doli in miliseconds: 297
info: Aug-27-2021 09:22:10: 	newToAmo:trying to getting new users to amo
info: Aug-27-2021 09:22:11: 	Time to find new users to amo in miliseconds: 371
info: Aug-27-2021 09:22:11: 	newToAmo: getting new users to amo success
info: Aug-27-2021 09:22:14: 	newUsers: showing new users
info: Aug-27-2021 09:22:15: 	Time to find new users to doli in miliseconds: 439
info: Aug-27-2021 09:22:17: 	newToAmo:trying to getting new users to amo
info: Aug-27-2021 09:22:17: 	Time to find new users to amo in miliseconds: 364
info: Aug-27-2021 09:22:17: 	newToAmo: getting new users to amo success
info: Aug-27-2021 09:22:23: 	addNewUsersToAmo:trying to add new users to amo
info: Aug-27-2021 09:22:23: 	Started to update amo contacts
info: Aug-27-2021 09:23:37: 	Time to update amo contacts in miliseconds: 73355
info: Aug-27-2021 09:24:22: 	Time to find new users to amo in miliseconds: 45179
info: Aug-27-2021 09:24:23: 	addNewUsersToAmo:success
info: Aug-27-2021 09:25:09: 	Pinging the server
info: Aug-27-2021 09:25:09: 	rss: 55.3m, heapTotal: 18.9m
info: Aug-27-2021 09:25:50: 	newUsers: showing new users
info: Aug-27-2021 09:25:50: 	Time to find new users to doli in miliseconds: 306
info: Aug-27-2021 09:25:55: 	newToAmo:trying to getting new users to amo
info: Aug-27-2021 09:25:55: 	Time to find new users to amo in miliseconds: 197
info: Aug-27-2021 09:25:55: 	newToAmo: getting new users to amo success
info: Aug-27-2021 09:25:56: 	newUsers: showing new users
info: Aug-27-2021 09:25:56: 	Time to find new users to doli in miliseconds: 365
info: Aug-27-2021 09:25:58: 	addnewUsersToDoli: trying to update new user to doli
info: Aug-27-2021 09:25:58: 	Started to update doli contacts
info: Aug-27-2021 09:26:09: 	Started to update doli contacts
info: Aug-27-2021 09:26:50: 	Finished to update doli contacts in ms: 51693
info: Aug-27-2021 09:26:50: 	Started to add new contacts to doli
info: Aug-27-2021 09:26:50: 	Time to find new users to doli in miliseconds: 260
info: Aug-27-2021 09:26:51: 	Finished to add new contacts to doli in ms: 1768
info: Aug-27-2021 09:26:51: 	Started to update doli contacts
info: Aug-27-2021 09:27:36: 	Finished to update doli contacts in ms: 87343
info: Aug-27-2021 09:27:36: 	Doli contacts successfully updated
info: Aug-27-2021 09:28:09: 	Trying to add new users to Amo from doli
info: Aug-27-2021 09:28:10: 	Time to find new users to amo in miliseconds: 558
info: Aug-27-2021 09:28:10: 	Success adding new users to Amo from doli, no new users to add
info: Aug-27-2021 09:28:20: 	Finished to update doli contacts in ms: 88667
info: Aug-27-2021 09:28:20: 	addnewUsersToDoli: success
info: Aug-27-2021 09:29:52: 	newUsers: showing new users
info: Aug-27-2021 09:29:53: 	Time to find new users to doli in miliseconds: 354
info: Aug-27-2021 09:29:55: 	newToAmo:trying to getting new users to amo
info: Aug-27-2021 09:29:55: 	Time to find new users to amo in miliseconds: 316
info: Aug-27-2021 09:29:55: 	newToAmo: getting new users to amo success
